SF:lib/src/injector.dart
DA:5,1
DA:11,1
DA:12,1
DA:16,1
DA:17,3
DA:19,2
DA:20,2
DA:23,0
DA:24,0
DA:28,0
DA:32,0
DA:33,0
DA:36,0
DA:39,0
DA:42,1
DA:43,2
DA:46,1
DA:47,3
DA:48,1
DA:49,3
DA:50,1
DA:51,1
DA:52,0
DA:54,1
DA:57,2
DA:58,2
DA:63,1
DA:64,2
LF:28
LH:20
end_of_record
SF:lib/src/module.dart
DA:9,1
DA:26,1
DA:29,1
DA:31,1
DA:35,1
DA:37,3
DA:38,2
DA:41,1
DA:43,1
DA:44,2
DA:50,1
DA:52,2
DA:53,1
DA:57,3
DA:58,5
DA:61,1
DA:63,1
DA:64,1
DA:69,1
DA:70,1
DA:71,2
DA:72,2
DA:76,1
DA:77,1
DA:85,1
DA:86,1
DA:94,1
DA:95,1
DA:103,1
DA:104,1
LF:30
LH:30
end_of_record
SF:lib/src/stark_component.dart
DA:5,0
DA:6,0
DA:7,0
DA:10,0
DA:12,0
DA:13,0
LF:6
LH:0
end_of_record
SF:lib/src/stark.dart
DA:5,0
DA:8,0
DA:11,0
DA:12,0
DA:17,0
DA:22,0
DA:23,0
DA:26,0
DA:27,0
DA:30,0
DA:31,0
LF:11
LH:0
end_of_record
SF:lib/src/stark_exception.dart
DA:2,0
DA:5,0
DA:6,0
LF:3
LH:0
end_of_record
